Build started 4/2/2013 11:06:33 PM.
     1>Project "C:\5th Semester\INFO5062 Patterns in Software\project02\socket_library\socket_library.vcxproj" on node 2 (Build target(s)).
     1>InitializeBuildStatus:
         Creating "Debug DLL\socket_library.unsuccessfulbuild" because "AlwaysCreate" was specified.
       ClCompile:
         C:\Program Files (x86)\Microsoft Visual Studio 11.0\VC\bin\CL.exe /c /ZI /nologo /W3 /WX- /Od /Oy- /D WIN32 /D _DEBUG /D _LIB /D _UNICODE /D UNICODE /Gm /EHsc /RTC1 /MDd /GS /fp:precise /Zc:wchar_t /Zc:forScope /Fo"Debug DLL\\" /Fd"Debug DLL\vc110.pdb" /Gd /TP /analyze- /errorReport:prompt socket.cpp utility.cpp winsock.cpp
         winsock.cpp
         utility.cpp
         socket.cpp
         Generating Code...
       Lib:
         C:\Program Files (x86)\Microsoft Visual Studio 11.0\VC\bin\Lib.exe /OUT:"C:\5th Semester\INFO5062 Patterns in Software\project02\lib\x86\socket_library-mt-gd.lib" /NOLOGO "Debug DLL\socket.obj"
         "Debug DLL\utility.obj"
         "Debug DLL\winsock.obj"
         socket_library.vcxproj -> C:\5th Semester\INFO5062 Patterns in Software\project02\lib\x86\socket_library-mt-gd.lib
       FinalizeBuildStatus:
         Deleting file "Debug DLL\socket_library.unsuccessfulbuild".
         Touching "Debug DLL\socket_library.lastbuildstate".
     1>Done Building Project "C:\5th Semester\INFO5062 Patterns in Software\project02\socket_library\socket_library.vcxproj" (Build target(s)).

Build succeeded.

Time Elapsed 00:00:04.83
