Build started 4/2/2013 11:10:56 PM.
     1>Project "C:\5th Semester\INFO5062 Patterns in Software\project02\socket_library\socket_library.vcxproj" on node 2 (Build target(s)).
     1>InitializeBuildStatus:
         Creating "Release DLL\socket_library.unsuccessfulbuild" because "AlwaysCreate" was specified.
       ClCompile:
         C:\Program Files (x86)\Microsoft Visual Studio 11.0\VC\bin\CL.exe /c /Zi /nologo /W3 /WX- /O2 /Oi /Oy- /GL /D WIN32 /D NDEBUG /D _LIB /D _UNICODE /D UNICODE /Gm- /EHsc /MD /GS /Gy /fp:precise /Zc:wchar_t /Zc:forScope /Fo"Release DLL\\" /Fd"Release DLL\vc110.pdb" /Gd /TP /analyze- /errorReport:prompt socket.cpp utility.cpp winsock.cpp
         socket.cpp
         utility.cpp
         winsock.cpp
       Lib:
         C:\Program Files (x86)\Microsoft Visual Studio 11.0\VC\bin\Lib.exe /OUT:"C:\5th Semester\INFO5062 Patterns in Software\project02\lib\x86\socket_library-mt.lib" /NOLOGO /LTCG "Release DLL\socket.obj"
         "Release DLL\utility.obj"
         "Release DLL\winsock.obj"
         socket_library.vcxproj -> C:\5th Semester\INFO5062 Patterns in Software\project02\lib\x86\socket_library-mt.lib
       FinalizeBuildStatus:
         Deleting file "Release DLL\socket_library.unsuccessfulbuild".
         Touching "Release DLL\socket_library.lastbuildstate".
     1>Done Building Project "C:\5th Semester\INFO5062 Patterns in Software\project02\socket_library\socket_library.vcxproj" (Build target(s)).

Build succeeded.

Time Elapsed 00:00:03.48
